Arguments: 
  C:\Program Files\nodejs\node.exe C:\Program Files\nodejs\node_modules\yarn\bin\yarn.js add --exact react react-dom react-scripts cra-template --cwd C:\Users\Darlley\Documents\Desenvolvimento\GitHub\Bootcamp-React\my-app

PATH: 
  C:\Users\Darlley\AppData\Local\Temp\yarn--1648423974638-0.9336387487602942;C:\Users\Darlley\AppData\Local\Yarn\Data\global\node_modules\.bin;C:\Users\Darlley\AppData\Local\Yarn\Data\link\node_modules\.bin;C:\Users\Darlley\AppData\Local\Yarn\bin;C:\Program Files\libexec\lib\node_modules\npm\bin\node-gyp-bin;C:\Program Files\lib\node_modules\npm\bin\node-gyp-bin;C:\Program Files\nodejs\node_modules\npm\bin\node-gyp-bin;C:\Users\Darlley\bin;C:\Program Files\Git\mingw64\bin;C:\Program Files\Git\usr\local\bin;C:\Program Files\Git\usr\bin;C:\Program Files\Git\usr\bin;C:\Program Files\Git\mingw64\bin;C:\Program Files\Git\usr\bin;C:\Users\Darlley\bin;C:\Program Files\Common Files\Oracle\Java\javapath;C:\Windows\system32;C:\Windows;C:\Windows\System32\Wbem;C:\Windows\System32\WindowsPowerShell\v1.0;C:\Program Files\Git\cmd;C:\Users\Darlley\AppData\Roaming\nvm;C:\Program Files\nodejs;C:\Program Files\Java\jdk-16.0.1\bin;C:\xampp\php;C:\composer;C:\Program Files\Microsoft SQL Server\130\Tools\Binn;C:\Program Files\dotnet;C:\Users\Darlley\AppData\Roaming\nvm;C:\Program Files\nodejs;C:\Users\Darlley\AppData\Local\GitHubDesktop\bin;C:\Users\Darlley\AppData\Roaming\Composer\vendor\bin;C:\Users\Darlley\AppData\Local\Programs\Microsoft VS Code\bin;C:\Users\Darlley\.dotnet\tools;C:\Users\Darlley\AppData\Local\Programs\Hyper\resources\bin%C;C:\Program Files\Git\Program Files\php;C:\Program Files\Git\usr\bin\vendor_perl;C:\Program Files\Git\usr\bin\core_perl

Yarn version: 
  1.22.15

Node version: 
  14.18.1

Platform: 
  win32 x64

Trace: 
  Error: https://registry.yarnpkg.com/webpack/-/webpack-5.70.0.tgz: ESOCKETTIMEDOUT
      at ClientRequest.<anonymous> (C:\Users\Darlley\AppData\Roaming\nvm\v14.18.1\node_modules\yarn\lib\cli.js:141512:19)
      at Object.onceWrapper (events.js:519:28)
      at ClientRequest.emit (events.js:400:28)
      at TLSSocket.emitRequestTimeout (_http_client.js:790:9)
      at Object.onceWrapper (events.js:519:28)
      at TLSSocket.emit (events.js:412:35)
      at TLSSocket.Socket._onTimeout (net.js:495:8)
      at listOnTimeout (internal/timers.js:557:17)
      at processTimers (internal/timers.js:500:7)

npm manifest: 
  {
    "name": "my-app",
    "version": "0.1.0",
    "private": true
  }

yarn manifest: 
  No manifest

Lockfile: 
  No lockfile
